<?xml version="1.0" encoding="UTF-8"?>
<!-- Generated by org.testng.reporters.JUnitReportReporter -->
<testsuite hostname="DESKTOP-58P6EJL" name="com.qa.hubspot.tests.HomePageTest" tests="4" failures="0" timestamp="12 May 2020 19:17:14 GMT" time="5.925" errors="0">
  <testcase name="homePageTitleTest" time="0.111" classname="com.qa.hubspot.tests.HomePageTest"/>
  <testcase name="goToContactpage_test" time="4.289" classname="com.qa.hubspot.tests.HomePageTest"/>
  <testcase name="checkCreatDashbtn_Test" time="0.738" classname="com.qa.hubspot.tests.HomePageTest"/>
  <testcase name="verifyHeader_Test" time="0.787" classname="com.qa.hubspot.tests.HomePageTest"/>
</testsuite> <!-- com.qa.hubspot.tests.HomePageTest -->
