<?xml version="1.0" encoding="UTF-8"?>
<!-- Generated by org.testng.reporters.JUnitReportReporter -->
<testsuite skipped="0" hostname="DESKTOP-58P6EJL" name="com.qa.hubspot.test.LoginPageTest" tests="3" failures="0" timestamp="2020-04-24T18:42:57 CEST" time="8.104" errors="0">
  <testcase name="verifyLoginPageTitle_test" time="6.576" classname="com.qa.hubspot.test.LoginPageTest"/>
  <system-out/>
  <testcase name="checkSignuplink_Test" time="0.312" classname="com.qa.hubspot.test.LoginPageTest"/>
  <system-out/>
  <testcase name="login_Test" time="1.216" classname="com.qa.hubspot.test.LoginPageTest"/>
  <system-out/>
</testsuite> <!-- com.qa.hubspot.test.LoginPageTest -->
