<?xml version="1.0" encoding="UTF-8"?>
<!-- Generated by org.testng.reporters.JUnitReportReporter -->
<testsuite skipped="0" hostname="DESKTOP-58P6EJL" name="com.qa.hubspot.test.HomePageTest" tests="3" failures="0" timestamp="2020-04-24T18:42:57 CEST" time="10.190" errors="0">
  <testcase name="homePageTitleTest" time="10.045" classname="com.qa.hubspot.test.HomePageTest"/>
  <system-out/>
  <testcase name="verifyHeader_Test" time="0.059" classname="com.qa.hubspot.test.HomePageTest"/>
  <system-out/>
  <testcase name="checkCreatDashbtn_Test" time="0.086" classname="com.qa.hubspot.test.HomePageTest"/>
  <system-out/>
</testsuite> <!-- com.qa.hubspot.test.HomePageTest -->
