<?xml version="1.0" encoding="UTF-8"?>
<!-- Generated by org.testng.reporters.JUnitReportReporter -->
<testsuite hostname="DESKTOP-58P6EJL" name="com.qa.hubspot.tests.HomePageTest" tests="4" failures="0" timestamp="25 May 2020 11:29:52 GMT" time="27.456" errors="0">
  <testcase name="goToContactpage_test" time="16.086" classname="com.qa.hubspot.tests.HomePageTest"/>
  <testcase name="checkCreatDashbtn_Test" time="2.208" classname="com.qa.hubspot.tests.HomePageTest"/>
  <testcase name="homePageTitleTest" time="4.342" classname="com.qa.hubspot.tests.HomePageTest"/>
  <testcase name="verifyHeader_Test" time="4.820" classname="com.qa.hubspot.tests.HomePageTest"/>
</testsuite> <!-- com.qa.hubspot.tests.HomePageTest -->
