<?xml version="1.0" encoding="UTF-8"?>
<!-- Generated by org.testng.reporters.JUnitReportReporter -->
<testsuite hostname="DESKTOP-58P6EJL" name="com.qa.hubspot.tests.ContactsPageTest" tests="4" failures="0" timestamp="3 May 2020 22:33:06 GMT" time="162.065" errors="0">
  <testcase name="createContacts_Test" time="39.432" classname="com.qa.hubspot.tests.ContactsPageTest"/>
  <testcase name="createContacts_Test" time="38.473" classname="com.qa.hubspot.tests.ContactsPageTest"/>
  <testcase name="createContacts_Test" time="43.225" classname="com.qa.hubspot.tests.ContactsPageTest"/>
  <testcase name="createContacts_Test" time="40.935" classname="com.qa.hubspot.tests.ContactsPageTest"/>
</testsuite> <!-- com.qa.hubspot.tests.ContactsPageTest -->
