<?xml version="1.0" encoding="UTF-8"?>
<!-- Generated by org.testng.reporters.JUnitReportReporter -->
<testsuite hostname="DESKTOP-58P6EJL" name="com.qa.hubspot.tests.HomePageTest" tests="4" failures="0" timestamp="26 May 2020 21:02:53 GMT" time="17.248" errors="0">
  <testcase name="checkCreatDashbtn_Test" time="1.171" classname="com.qa.hubspot.tests.HomePageTest"/>
  <testcase name="goToContactpage_test" time="6.326" classname="com.qa.hubspot.tests.HomePageTest"/>
  <testcase name="verifyHeader_Test" time="8.375" classname="com.qa.hubspot.tests.HomePageTest"/>
  <testcase name="homePageTitleTest" time="1.376" classname="com.qa.hubspot.tests.HomePageTest"/>
</testsuite> <!-- com.qa.hubspot.tests.HomePageTest -->
