<?xml version="1.0" encoding="UTF-8"?>
<!-- Generated by org.testng.reporters.JUnitReportReporter -->
<testsuite hostname="DESKTOP-58P6EJL" name="com.qa.hubspot.tests.LoginPageTest" tests="5" failures="0" timestamp="25 May 2020 11:29:52 GMT" time="174.788" errors="0">
  <testcase name="checkSignuplink_Test" time="42.677" classname="com.qa.hubspot.tests.LoginPageTest"/>
  <testcase name="doLogin_Test" time="40.127" classname="com.qa.hubspot.tests.LoginPageTest"/>
  <testcase name="doLogin_Test" time="33.212" classname="com.qa.hubspot.tests.LoginPageTest"/>
  <testcase name="verifyLoginPageTitle_test" time="38.741" classname="com.qa.hubspot.tests.LoginPageTest"/>
  <testcase name="verifyLoginPageTitle_test" time="20.031" classname="com.qa.hubspot.tests.LoginPageTest"/>
</testsuite> <!-- com.qa.hubspot.tests.LoginPageTest -->
