<?xml version="1.0" encoding="UTF-8"?>
<!-- Generated by org.testng.reporters.JUnitReportReporter -->
<testsuite hostname="DESKTOP-58P6EJL" name="com.qa.hubspot.tests.LoginPageTest" tests="3" failures="0" timestamp="12 May 2020 19:17:14 GMT" time="44.853" errors="0">
  <testcase name="doLogin_Test" time="19.018" classname="com.qa.hubspot.tests.LoginPageTest"/>
  <testcase name="checkSignuplink_Test" time="13.540" classname="com.qa.hubspot.tests.LoginPageTest"/>
  <testcase name="verifyLoginPageTitle_test" time="12.295" classname="com.qa.hubspot.tests.LoginPageTest"/>
</testsuite> <!-- com.qa.hubspot.tests.LoginPageTest -->
