<?xml version="1.0" encoding="UTF-8"?>
<!-- Generated by org.testng.reporters.JUnitReportReporter -->
<testsuite hostname="DESKTOP-58P6EJL" name="com.qa.hubspot.tests.HomePageTest" tests="4" failures="0" timestamp="26 May 2020 22:56:30 GMT" time="15.798" errors="0">
  <testcase name="homePageTitleTest" time="1.073" classname="com.qa.hubspot.tests.HomePageTest"/>
  <testcase name="goToContactpage_test" time="8.014" classname="com.qa.hubspot.tests.HomePageTest"/>
  <testcase name="checkCreatDashbtn_Test" time="1.595" classname="com.qa.hubspot.tests.HomePageTest"/>
  <testcase name="verifyHeader_Test" time="5.116" classname="com.qa.hubspot.tests.HomePageTest"/>
</testsuite> <!-- com.qa.hubspot.tests.HomePageTest -->
