<?xml version="1.0" encoding="UTF-8"?>
<!-- Generated by org.testng.reporters.JUnitReportReporter -->
<testsuite hostname="DESKTOP-58P6EJL" name="com.qa.hubspot.tests.LoginPageTest" tests="6" failures="0" timestamp="26 May 2020 23:29:55 GMT" time="160.087" errors="0">
  <testcase name="verifyLoginPageTitle_test" time="25.946" classname="com.qa.hubspot.tests.LoginPageTest"/>
  <testcase name="checkSignuplink_Test" time="19.632" classname="com.qa.hubspot.tests.LoginPageTest"/>
  <testcase name="verifyLoginPageTitle_test" time="12.523" classname="com.qa.hubspot.tests.LoginPageTest"/>
  <testcase name="doLogin_Test" time="28.887" classname="com.qa.hubspot.tests.LoginPageTest"/>
  <testcase name="doLogin_Test" time="39.898" classname="com.qa.hubspot.tests.LoginPageTest"/>
  <testcase name="checkSignuplink_Test" time="33.201" classname="com.qa.hubspot.tests.LoginPageTest"/>
</testsuite> <!-- com.qa.hubspot.tests.LoginPageTest -->
