<?xml version="1.0" encoding="UTF-8"?>
<!-- Generated by org.testng.reporters.JUnitReportReporter -->
<testsuite hostname="DESKTOP-58P6EJL" name="com.qa.hubspot.tests.LoginPageTest" tests="6" failures="0" timestamp="26 May 2020 21:13:07 GMT" time="160.083" errors="0">
  <testcase name="doLogin_Test" time="40.725" classname="com.qa.hubspot.tests.LoginPageTest"/>
  <testcase name="verifyLoginPageTitle_test" time="30.841" classname="com.qa.hubspot.tests.LoginPageTest"/>
  <testcase name="checkSignuplink_Test" time="28.123" classname="com.qa.hubspot.tests.LoginPageTest"/>
  <testcase name="verifyLoginPageTitle_test" time="12.875" classname="com.qa.hubspot.tests.LoginPageTest"/>
  <testcase name="checkSignuplink_Test" time="19.375" classname="com.qa.hubspot.tests.LoginPageTest"/>
  <testcase name="doLogin_Test" time="28.144" classname="com.qa.hubspot.tests.LoginPageTest"/>
</testsuite> <!-- com.qa.hubspot.tests.LoginPageTest -->
