<?xml version="1.0" encoding="UTF-8"?>
<!-- Generated by org.testng.reporters.JUnitReportReporter -->
<testsuite hostname="DESKTOP-58P6EJL" name="com.qa.hubspot.tests.LoginPageTest" tests="5" failures="0" timestamp="24 May 2020 23:50:27 GMT" time="245.265" errors="0">
  <testcase name="verifyLoginPageTitle_test" time="44.433" classname="com.qa.hubspot.tests.LoginPageTest"/>
  <testcase name="doLogin_Test" time="52.925" classname="com.qa.hubspot.tests.LoginPageTest"/>
  <testcase name="doLogin_Test" time="40.111" classname="com.qa.hubspot.tests.LoginPageTest"/>
  <testcase name="checkSignuplink_Test" time="85.586" classname="com.qa.hubspot.tests.LoginPageTest"/>
  <testcase name="verifyLoginPageTitle_test" time="22.210" classname="com.qa.hubspot.tests.LoginPageTest"/>
</testsuite> <!-- com.qa.hubspot.tests.LoginPageTest -->
