<?xml version="1.0" encoding="UTF-8"?>
<!-- Generated by org.testng.reporters.JUnitReportReporter -->
<testsuite hostname="DESKTOP-58P6EJL" name="com.qa.hubspot.tests.HomePageTest" tests="4" failures="0" timestamp="25 May 2020 09:44:30 GMT" time="35.636" errors="0">
  <testcase name="verifyHeader_Test" time="8.788" classname="com.qa.hubspot.tests.HomePageTest"/>
  <testcase name="checkCreatDashbtn_Test" time="1.201" classname="com.qa.hubspot.tests.HomePageTest"/>
  <testcase name="goToContactpage_test" time="25.293" classname="com.qa.hubspot.tests.HomePageTest"/>
  <testcase name="homePageTitleTest" time="0.354" classname="com.qa.hubspot.tests.HomePageTest"/>
</testsuite> <!-- com.qa.hubspot.tests.HomePageTest -->
